0 info it worked if it ends with ok
1 verbose cli [ 'C:\\develop\\node\\node.exe',
1 verbose cli   'C:\\develop\\node\\node_modules\\npm\\bin\\npm-cli.js',
1 verbose cli   'run',
1 verbose cli   'dev' ]
2 info using npm@3.10.10
3 info using node@v6.10.1
4 verbose run-script [ 'predev', 'dev', 'postdev' ]
5 info lifecycle keep-observers-node@1.0.0~predev: keep-observers-node@1.0.0
6 silly lifecycle keep-observers-node@1.0.0~predev: no script for predev, continuing
7 info lifecycle keep-observers-node@1.0.0~dev: keep-observers-node@1.0.0
8 verbose lifecycle keep-observers-node@1.0.0~dev: unsafe-perm in lifecycle true
9 verbose lifecycle keep-observers-node@1.0.0~dev: PATH: C:\develop\nvm\nvm\v6.10.1\node_modules\npm\bin\node-gyp-bin;D:\computer\keepObserver\keep-observer\keepObserver-node\node_modules\.bin;C:\Program Files (x86)\Common Files\Oracle\Java\javapath;C:\Windows\system32;C:\Windows;C:\Windows\System32\Wbem;C:\Windows\System32\WindowsPowerShell\v1.0\;C:\develop\git\Git\cmd;C:\develop\svn\bin;C:\develop\nvm\nvm;C:\develop\node;C:\Users\Administrator\AppData\Roaming\npm;C:\develop\node;C:\Users\Administrator\AppData\Local\Android\Sdk;C:\Users\Administrator\AppData\Local\Android\Sdk\tools;C:\Users\Administrator\AppData\Local\Android\Sdk\platform-tools;G:\mongodb\bin;G:\VSCode\Microsoft VS Code\bin
10 verbose lifecycle keep-observers-node@1.0.0~dev: CWD: D:\computer\keepObserver\keep-observer\keepObserver-node
11 silly lifecycle keep-observers-node@1.0.0~dev: Args: [ '/d /s /c', ' node index.js' ]
12 silly lifecycle keep-observers-node@1.0.0~dev: Returned: code: 3221225786  signal: null
13 info lifecycle keep-observers-node@1.0.0~dev: Failed to exec dev script
14 verbose stack Error: keep-observers-node@1.0.0 dev: ` node index.js`
14 verbose stack Exit status 3221225786
14 verbose stack     at EventEmitter.<anonymous> (C:\develop\nvm\nvm\v6.10.1\node_modules\npm\lib\utils\lifecycle.js:255:16)
14 verbose stack     at emitTwo (events.js:106:13)
14 verbose stack     at EventEmitter.emit (events.js:191:7)
14 verbose stack     at ChildProcess.<anonymous> (C:\develop\nvm\nvm\v6.10.1\node_modules\npm\lib\utils\spawn.js:40:14)
14 verbose stack     at emitTwo (events.js:106:13)
14 verbose stack     at ChildProcess.emit (events.js:191:7)
14 verbose stack     at maybeClose (internal/child_process.js:886:16)
14 verbose stack     at Process.ChildProcess._handle.onexit (internal/child_process.js:226:5)
15 verbose pkgid keep-observers-node@1.0.0
16 verbose cwd D:\computer\keepObserver\keep-observer\keepObserver-node
17 error Windows_NT 6.1.7601
18 error argv "C:\\develop\\node\\node.exe" "C:\\develop\\node\\node_modules\\npm\\bin\\npm-cli.js" "run" "dev"
19 error node v6.10.1
20 error npm  v3.10.10
21 error code ELIFECYCLE
22 error keep-observers-node@1.0.0 dev: ` node index.js`
22 error Exit status 3221225786
23 error Failed at the keep-observers-node@1.0.0 dev script ' node index.js'.
23 error Make sure you have the latest version of node.js and npm installed.
23 error If you do, this is most likely a problem with the keep-observers-node package,
23 error not with npm itself.
23 error Tell the author that this fails on your system:
23 error      node index.js
23 error You can get information on how to open an issue for this project with:
23 error     npm bugs keep-observers-node
23 error Or if that isn't available, you can get their info via:
23 error     npm owner ls keep-observers-node
23 error There is likely additional logging output above.
24 verbose exit [ 1, true ]
